names loading start...
names loading ended
synonyms loading start...
212183
synonyms loading ended
Connecting to tagger server...
Connecting to tagger server...
Mission type: 1, Test file name: testset1.txt
Alpha score: 0.5
Connected DJRank socket(tcp://127.0.0.1:17500)
Connected CGTK socket(tcp://localhost:17009)
Connected TA socket(tcp://10.35.32.203:8282)
Loading query set
  The number of query set: 500
Searching djrank result
 [10/500] Query ID: 1_00010
 [20/500] Query ID: 1_00020
 [30/500] Query ID: 1_00030
 [40/500] Query ID: 1_00040
 [50/500] Query ID: 1_00050
 [60/500] Query ID: 1_00060
 [70/500] Query ID: 1_00070
 [80/500] Query ID: 1_00080
 [90/500] Query ID: 1_00090
 [100/500] Query ID: 1_00100
 [110/500] Query ID: 1_00110
 [120/500] Query ID: 1_00120
 [130/500] Query ID: 1_00130
 [140/500] Query ID: 1_00140
 [150/500] Query ID: 1_00150
 [160/500] Query ID: 1_00160
 [170/500] Query ID: 1_00170
 [180/500] Query ID: 1_00180
 [190/500] Query ID: 1_00190
 [200/500] Query ID: 1_00200
 [210/500] Query ID: 1_00210
 [220/500] Query ID: 1_00220
 [230/500] Query ID: 1_00230
 [240/500] Query ID: 1_00240
 [250/500] Query ID: 1_00250
 [260/500] Query ID: 1_00260
 [270/500] Query ID: 1_00270
 [280/500] Query ID: 1_00280
 [290/500] Query ID: 1_00290
 [300/500] Query ID: 1_00300
 [310/500] Query ID: 1_00310
 [320/500] Query ID: 1_00320
 [330/500] Query ID: 1_00330
 [340/500] Query ID: 1_00340
 [350/500] Query ID: 1_00350
 [360/500] Query ID: 1_00360
 [370/500] Query ID: 1_00370
 [380/500] Query ID: 1_00380
 [390/500] Query ID: 1_00390
 [400/500] Query ID: 1_00400
 [410/500] Query ID: 1_00410
 [420/500] Query ID: 1_00420
 [430/500] Query ID: 1_00430
 [440/500] Query ID: 1_00440
 [450/500] Query ID: 1_00450
 [460/500] Query ID: 1_00460
 [470/500] Query ID: 1_00470
 [480/500] Query ID: 1_00480
 [490/500] Query ID: 1_00490
 [500/500] Query ID: 1_00500
Preprocessing ana datas
Scoring by pscorer
 [10/500] Query ID: 1_00010
 [20/500] Query ID: 1_00020
 [30/500] Query ID: 1_00030
 [40/500] Query ID: 1_00040
 [50/500] Query ID: 1_00050
 [60/500] Query ID: 1_00060
 [70/500] Query ID: 1_00070
 [80/500] Query ID: 1_00080
 [90/500] Query ID: 1_00090
 [100/500] Query ID: 1_00100
 [110/500] Query ID: 1_00110
 [120/500] Query ID: 1_00120
 [130/500] Query ID: 1_00130
 [140/500] Query ID: 1_00140
 [150/500] Query ID: 1_00150
 [160/500] Query ID: 1_00160
 [170/500] Query ID: 1_00170
 [180/500] Query ID: 1_00180
 [190/500] Query ID: 1_00190
 [200/500] Query ID: 1_00200
 [210/500] Query ID: 1_00210
 [220/500] Query ID: 1_00220
 [230/500] Query ID: 1_00230
 [240/500] Query ID: 1_00240
 [250/500] Query ID: 1_00250
 [260/500] Query ID: 1_00260
 [270/500] Query ID: 1_00270
 [280/500] Query ID: 1_00280
 [290/500] Query ID: 1_00290
 [300/500] Query ID: 1_00300
 [310/500] Query ID: 1_00310
 [320/500] Query ID: 1_00320
 [330/500] Query ID: 1_00330
 [340/500] Query ID: 1_00340
 [350/500] Query ID: 1_00350
 [360/500] Query ID: 1_00360
 [370/500] Query ID: 1_00370
 [380/500] Query ID: 1_00380
 [390/500] Query ID: 1_00390
 [400/500] Query ID: 1_00400
 [410/500] Query ID: 1_00410
 [420/500] Query ID: 1_00420
 [430/500] Query ID: 1_00430
 [440/500] Query ID: 1_00440
 [450/500] Query ID: 1_00450
 [460/500] Query ID: 1_00460
 [470/500] Query ID: 1_00470
 [480/500] Query ID: 1_00480
 [490/500] Query ID: 1_00490
 [500/500] Query ID: 1_00500
Waiting msg from Apple
  Searched
Scoring by mscorer
Final scoring
Finished all
